<?xml version="1.0" encoding="UTF-8"?>
<!-- Generated by org.testng.reporters.JUnitXMLReporter -->
<testsuite ignored="0" hostname="KG-GSSL1048" failures="2" tests="6" name="Test" time="36.626" errors="0" timestamp="2024-11-30T12:56:36 IST">
  <testcase classname="testcases.TC001_Account_registration" name="Verify_Account_registration" time="2.406"/>
  <testcase classname="testcases.TC002_Login_test" name="verify_login" time="2.313"/>
  <testcase classname="testcases.TC003_loginDDT" name="verifylogin_DDT" time="2.294"/>
  <testcase classname="testcases.TC003_loginDDT" name="verifylogin_DDT" time="2.227">
    <failure type="java.lang.AssertionError" message="expected [true] but found [false]">
      <![CDATA[java.lang.AssertionError: expected [true] but found [false]
at testcases.TC003_loginDDT.verifylogin_DDT(TC003_loginDDT.java:44)
at java.base/java.util.ArrayList.forEach(ArrayList.java:1511)
... Removed 31 stack frames]]>
    </failure>
  </testcase> <!-- verifylogin_DDT -->
  <testcase classname="testcases.TC003_loginDDT" name="verifylogin_DDT" time="11.123"/>
  <testcase classname="testcases.TC003_loginDDT" name="verifylogin_DDT" time="2.313">
    <failure type="java.lang.AssertionError" message="expected [true] but found [false]">
      <![CDATA[java.lang.AssertionError: expected [true] but found [false]
at testcases.TC003_loginDDT.verifylogin_DDT(TC003_loginDDT.java:44)
at java.base/java.util.ArrayList.forEach(ArrayList.java:1511)
... Removed 31 stack frames]]>
    </failure>
  </testcase> <!-- verifylogin_DDT -->
</testsuite> <!-- Test -->
