<?xml version="1.0" encoding="UTF-8"?>
<!-- Generated by org.testng.reporters.JUnitXMLReporter -->
<testsuite ignored="0" hostname="KG-GSSL1048" failures="2" tests="2" name="Test(failed)" time="11.995" errors="0" timestamp="2024-11-30T12:45:29 IST">
  <testcase classname="testcases.TC003_loginDDT" name="verifylogin_DDT" time="2.525">
    <failure type="java.lang.AssertionError" message="expected [true] but found [false]">
      <![CDATA[java.lang.AssertionError: expected [true] but found [false]
at testcases.TC003_loginDDT.verifylogin_DDT(TC003_loginDDT.java:44)
at java.base/java.util.ArrayList.forEach(ArrayList.java:1511)
... Removed 31 stack frames]]>
    </failure>
  </testcase> <!-- verifylogin_DDT -->
  <testcase classname="testcases.TC003_loginDDT" name="verifylogin_DDT" time="2.469">
    <failure type="java.lang.AssertionError" message="expected [true] but found [false]">
      <![CDATA[java.lang.AssertionError: expected [true] but found [false]
at testcases.TC003_loginDDT.verifylogin_DDT(TC003_loginDDT.java:44)
at java.base/java.util.ArrayList.forEach(ArrayList.java:1511)
... Removed 31 stack frames]]>
    </failure>
  </testcase> <!-- verifylogin_DDT -->
</testsuite> <!-- Test(failed) -->
