<?xml version="1.0" encoding="UTF-8"?>
<testng-results ignored="0" total="1" passed="1" failed="0" skipped="0">
  <reporter-output>
  </reporter-output>
  <suite started-at="2024-12-02T12:40:53 IST" name="Suite" finished-at="2024-12-02T12:41:12 IST" duration-ms="18802">
    <groups>
      <group name="sanity">
        <method signature="TC001_Account_registration.Verify_Account_registration()[pri:0, instance:testcases.TC001_Account_registration@27406a17]" name="Verify_Account_registration" class="testcases.TC001_Account_registration"/>
      </group> <!-- sanity -->
      <group name="master">
        <method signature="TC001_Account_registration.Verify_Account_registration()[pri:0, instance:testcases.TC001_Account_registration@27406a17]" name="Verify_Account_registration" class="testcases.TC001_Account_registration"/>
      </group> <!-- master -->
    </groups>
    <test started-at="2024-12-02T12:40:53 IST" name="Test" finished-at="2024-12-02T12:41:12 IST" duration-ms="18802">
      <class name="testcases.TC001_Account_registration">
        <test-method is-config="true" signature="setup(java.lang.String,java.lang.String)[pri:0, instance:testcases.TC001_Account_registration@27406a17]" started-at="2024-12-02T12:40:54 IST" name="setup" finished-at="2024-12-02T12:41:05 IST" duration-ms="11138" status="PASS">
          <params>
            <param index="0">
              <value>
                <![CDATA[windows]]>
              </value>
            </param>
            <param index="1">
              <value>
                <![CDATA[Edge]]>
              </value>
            </param>
          </params>
          <reporter-output>
          </reporter-output>
        </test-method> <!-- setup -->
        <test-method signature="Verify_Account_registration()[pri:0, instance:testcases.TC001_Account_registration@27406a17]" started-at="2024-12-02T12:41:05 IST" name="Verify_Account_registration" finished-at="2024-12-02T12:41:11 IST" duration-ms="6075" status="PASS">
          <reporter-output>
          </reporter-output>
        </test-method> <!-- Verify_Account_registration -->
        <test-method is-config="true" signature="teardown()[pri:0, instance:testcases.TC001_Account_registration@27406a17]" started-at="2024-12-02T12:41:11 IST" name="teardown" finished-at="2024-12-02T12:41:12 IST" duration-ms="929" status="PASS">
          <reporter-output>
          </reporter-output>
        </test-method> <!-- teardown -->
      </class> <!-- testcases.TC001_Account_registration -->
    </test> <!-- Test -->
  </suite> <!-- Suite -->
</testng-results>
